date: 2014-03-18 17:54:06.286
argv: node /usr/local/bin/hexo server
os: Darwin 12.4.0 darwin x64
version:
  hexo: 2.5.2
  http_parser: 1.0
  node: 0.10.25
  v8: 3.14.5.9
  ares: 1.9.0-DEV
  uv: 0.10.23
  zlib: 1.2.3
  modules: 11
  openssl: 1.0.1e
---

[debug] 17:54:06.163 Config file loaded
[debug] 17:54:06.165 Version info checked successfully
[debug] 17:54:06.181 Loading database.
[debug] 17:54:06.200 Script load successfully: fancybox.js
[debug] 17:54:06.226 Processed: Gruntfile.js
[debug] 17:54:06.226 Processed: LICENSE
[debug] 17:54:06.226 Processed: README.md
[debug] 17:54:06.226 Processed: package.json
[debug] 17:54:06.226 Processed: scripts/fancybox.js
[debug] 17:54:06.245 Processed: source/css/_extend.styl
[debug] 17:54:06.245 Processed: source/css/_variables.styl
[debug] 17:54:06.245 Processed: source/css/_partial/archive.styl
[debug] 17:54:06.245 Processed: source/css/_partial/article.styl
[debug] 17:54:06.245 Processed: source/css/_partial/comment.styl
[debug] 17:54:06.245 Processed: source/css/_partial/footer.styl
[debug] 17:54:06.245 Processed: source/css/_partial/header.styl
[debug] 17:54:06.245 Processed: source/css/_partial/highlight.styl
[debug] 17:54:06.245 Processed: source/css/_partial/mobile.styl
[debug] 17:54:06.245 Processed: source/css/_partial/sidebar-aside.styl
[debug] 17:54:06.245 Processed: source/css/_partial/sidebar-bottom.styl
[debug] 17:54:06.245 Processed: source/css/_partial/sidebar.styl
[debug] 17:54:06.245 Processed: source/css/_util/grid.styl
[debug] 17:54:06.245 Processed: source/css/_util/mixin.styl
[debug] 17:54:06.254 Processed: source/js/script.js
[debug] 17:54:06.254 Processed: source/css/style.styl
[debug] 17:54:06.254 Processed: source/css/fonts/FontAwesome.otf
[debug] 17:54:06.254 Processed: source/css/fonts/fontawesome-webfont.eot
[debug] 17:54:06.255 Processed: source/css/fonts/fontawesome-webfont.svg
[debug] 17:54:06.255 Processed: source/css/fonts/fontawesome-webfont.ttf
[debug] 17:54:06.255 Processed: source/css/fonts/fontawesome-webfont.woff
[debug] 17:54:06.255 Processed: source/css/images/banner.jpg
[debug] 17:54:06.256 Processed: source/fancybox/blank.gif
[debug] 17:54:06.256 Processed: source/fancybox/fancybox_loading.gif
[debug] 17:54:06.256 Processed: source/fancybox/fancybox_loading@2x.gif
[debug] 17:54:06.257 Processed: source/fancybox/fancybox_sprite.png
[debug] 17:54:06.257 Processed: source/fancybox/fancybox_overlay.png
[debug] 17:54:06.257 Processed: source/fancybox/fancybox_sprite@2x.png
[debug] 17:54:06.258 Processed: source/fancybox/jquery.fancybox.css
[debug] 17:54:06.258 Processed: source/fancybox/jquery.fancybox.js
[debug] 17:54:06.258 Processed: source/fancybox/jquery.fancybox.pack.js
[debug] 17:54:06.259 Processed: source/fancybox/helpers/fancybox_buttons.png
[debug] 17:54:06.259 Processed: source/fancybox/helpers/jquery.fancybox-buttons.css
[debug] 17:54:06.260 Processed: source/fancybox/helpers/jquery.fancybox-buttons.js
[debug] 17:54:06.260 Processed: source/fancybox/helpers/jquery.fancybox-media.js
[debug] 17:54:06.261 Processed: source/fancybox/helpers/jquery.fancybox-thumbs.css
[debug] 17:54:06.261 Processed: source/fancybox/helpers/jquery.fancybox-thumbs.js
[debug] 17:54:06.267 Processed: layout/archive.ejs
[debug] 17:54:06.267 Processed: layout/category.ejs
[debug] 17:54:06.267 Processed: layout/index.ejs
[debug] 17:54:06.267 Processed: layout/layout.ejs
[debug] 17:54:06.268 Processed: layout/page.ejs
[debug] 17:54:06.268 Processed: layout/post.ejs
[debug] 17:54:06.268 Processed: layout/tag.ejs
[debug] 17:54:06.268 Processed: layout/_widget/archive.ejs
[debug] 17:54:06.268 Processed: layout/_widget/category.ejs
[debug] 17:54:06.268 Processed: layout/_widget/recent_posts.ejs
[debug] 17:54:06.268 Processed: layout/_widget/tag.ejs
[debug] 17:54:06.268 Processed: layout/_widget/tagcloud.ejs
[debug] 17:54:06.268 Processed: layout/_partial/after-footer.ejs
[debug] 17:54:06.268 Processed: layout/_partial/archive-post.ejs
[debug] 17:54:06.268 Processed: layout/_partial/archive.ejs
[debug] 17:54:06.268 Processed: layout/_partial/article.ejs
[debug] 17:54:06.268 Processed: layout/_partial/footer.ejs
[debug] 17:54:06.268 Processed: layout/_partial/google-analytics.ejs
[debug] 17:54:06.268 Processed: layout/_partial/head.ejs
[debug] 17:54:06.268 Processed: layout/_partial/header.ejs
[debug] 17:54:06.268 Processed: layout/_partial/mobile-nav.ejs
[debug] 17:54:06.268 Processed: layout/_partial/sidebar.ejs
[debug] 17:54:06.268 Processed: layout/_partial/post/category.ejs
[debug] 17:54:06.268 Processed: layout/_partial/post/date.ejs
[debug] 17:54:06.268 Processed: layout/_partial/post/gallery.ejs
[debug] 17:54:06.268 Processed: layout/_partial/post/nav.ejs
[debug] 17:54:06.268 Processed: layout/_partial/post/tag.ejs
[debug] 17:54:06.268 Processed: layout/_partial/post/title.ejs
[debug] 17:54:06.268 Processed: _posts/hello-world.md
[debug] 17:54:06.270 Theme config loaded
[debug] 17:54:06.270 Processed: _config.yml
[error] 17:54:06.282 Error: listen EADDRINUSE
Error: listen EADDRINUSE
    at errnoException (net.js:901:11)
    at Server._listen2 (net.js:1039:14)
    at listen (net.js:1061:10)
    at net.js:1143:9
    at dns.js:72:18
    at process._tickDomainCallback (node.js:459:13)
